{"total": {"lines":{"total":1785,"covered":183,"skipped":0,"pct":10.25},"statements":{"total":1785,"covered":183,"skipped":0,"pct":10.25},"functions":{"total":42,"covered":9,"skipped":0,"pct":21.42},"branches":{"total":56,"covered":23,"skipped":0,"pct":41.07},"branchesTrue":{"total":0,"covered":0,"skipped":0,"pct":"Unknown"}}
,"C:\\Users\\camila\\Downloads\\GITHUB.005\\taller-proyectos\\calendario-psicologo\\src\\scripts\\animation.js": {"lines":{"total":5,"covered":1,"skipped":0,"pct":20},"functions":{"total":1,"covered":0,"skipped":0,"pct":0},"statements":{"total":5,"covered":1,"skipped":0,"pct":20},"branches":{"total":1,"covered":1,"skipped":0,"pct":100}}
,"C:\\Users\\camila\\Downloads\\GITHUB.005\\taller-proyectos\\calendario-psicologo\\src\\scripts\\calendar.js": {"lines":{"total":69,"covered":0,"skipped":0,"pct":0},"functions":{"total":1,"covered":0,"skipped":0,"pct":0},"statements":{"total":69,"covered":0,"skipped":0,"pct":0},"branches":{"total":1,"covered":0,"skipped":0,"pct":0}}
,"C:\\Users\\camila\\Downloads\\GITHUB.005\\taller-proyectos\\calendario-psicologo\\src\\scripts\\date.js": {"lines":{"total":103,"covered":0,"skipped":0,"pct":0},"functions":{"total":1,"covered":0,"skipped":0,"pct":0},"statements":{"total":103,"covered":0,"skipped":0,"pct":0},"branches":{"total":1,"covered":0,"skipped":0,"pct":0}}
,"C:\\Users\\camila\\Downloads\\GITHUB.005\\taller-proyectos\\calendario-psicologo\\src\\scripts\\dialog.js": {"lines":{"total":46,"covered":3,"skipped":0,"pct":6.52},"functions":{"total":1,"covered":0,"skipped":0,"pct":0},"statements":{"total":46,"covered":3,"skipped":0,"pct":6.52},"branches":{"total":1,"covered":1,"skipped":0,"pct":100}}
,"C:\\Users\\camila\\Downloads\\GITHUB.005\\taller-proyectos\\calendario-psicologo\\src\\scripts\\email-notifier.js": {"lines":{"total":76,"covered":74,"skipped":0,"pct":97.36},"functions":{"total":5,"covered":5,"skipped":0,"pct":100},"statements":{"total":76,"covered":74,"skipped":0,"pct":97.36},"branches":{"total":9,"covered":6,"skipped":0,"pct":66.66}}
,"C:\\Users\\camila\\Downloads\\GITHUB.005\\taller-proyectos\\calendario-psicologo\\src\\scripts\\event-create-button.js": {"lines":{"total":29,"covered":0,"skipped":0,"pct":0},"functions":{"total":1,"covered":0,"skipped":0,"pct":0},"statements":{"total":29,"covered":0,"skipped":0,"pct":0},"branches":{"total":1,"covered":0,"skipped":0,"pct":0}}
,"C:\\Users\\camila\\Downloads\\GITHUB.005\\taller-proyectos\\calendario-psicologo\\src\\scripts\\event-delete-dialog.js": {"lines":{"total":31,"covered":0,"skipped":0,"pct":0},"functions":{"total":1,"covered":0,"skipped":0,"pct":0},"statements":{"total":31,"covered":0,"skipped":0,"pct":0},"branches":{"total":1,"covered":0,"skipped":0,"pct":0}}
,"C:\\Users\\camila\\Downloads\\GITHUB.005\\taller-proyectos\\calendario-psicologo\\src\\scripts\\event-details-dialog.js": {"lines":{"total":81,"covered":41,"skipped":0,"pct":50.61},"functions":{"total":2,"covered":1,"skipped":0,"pct":50},"statements":{"total":81,"covered":41,"skipped":0,"pct":50.61},"branches":{"total":5,"covered":2,"skipped":0,"pct":40}}
,"C:\\Users\\camila\\Downloads\\GITHUB.005\\taller-proyectos\\calendario-psicologo\\src\\scripts\\event-form-dialog.js": {"lines":{"total":39,"covered":0,"skipped":0,"pct":0},"functions":{"total":1,"covered":0,"skipped":0,"pct":0},"statements":{"total":39,"covered":0,"skipped":0,"pct":0},"branches":{"total":1,"covered":0,"skipped":0,"pct":0}}
,"C:\\Users\\camila\\Downloads\\GITHUB.005\\taller-proyectos\\calendario-psicologo\\src\\scripts\\event-form.js": {"lines":{"total":126,"covered":0,"skipped":0,"pct":0},"functions":{"total":1,"covered":0,"skipped":0,"pct":0},"statements":{"total":126,"covered":0,"skipped":0,"pct":0},"branches":{"total":1,"covered":0,"skipped":0,"pct":0}}
,"C:\\Users\\camila\\Downloads\\GITHUB.005\\taller-proyectos\\calendario-psicologo\\src\\scripts\\event-list.js": {"lines":{"total":20,"covered":0,"skipped":0,"pct":0},"functions":{"total":1,"covered":0,"skipped":0,"pct":0},"statements":{"total":20,"covered":0,"skipped":0,"pct":0},"branches":{"total":1,"covered":0,"skipped":0,"pct":0}}
,"C:\\Users\\camila\\Downloads\\GITHUB.005\\taller-proyectos\\calendario-psicologo\\src\\scripts\\event-store.js": {"lines":{"total":207,"covered":0,"skipped":0,"pct":0},"functions":{"total":1,"covered":0,"skipped":0,"pct":0},"statements":{"total":207,"covered":0,"skipped":0,"pct":0},"branches":{"total":1,"covered":0,"skipped":0,"pct":0}}
,"C:\\Users\\camila\\Downloads\\GITHUB.005\\taller-proyectos\\calendario-psicologo\\src\\scripts\\event.js": {"lines":{"total":138,"covered":60,"skipped":0,"pct":43.47},"functions":{"total":12,"covered":3,"skipped":0,"pct":25},"statements":{"total":138,"covered":60,"skipped":0,"pct":43.47},"branches":{"total":18,"covered":12,"skipped":0,"pct":66.66}}
,"C:\\Users\\camila\\Downloads\\GITHUB.005\\taller-proyectos\\calendario-psicologo\\src\\scripts\\hamburger.js": {"lines":{"total":9,"covered":0,"skipped":0,"pct":0},"functions":{"total":1,"covered":0,"skipped":0,"pct":0},"statements":{"total":9,"covered":0,"skipped":0,"pct":0},"branches":{"total":1,"covered":0,"skipped":0,"pct":0}}
,"C:\\Users\\camila\\Downloads\\GITHUB.005\\taller-proyectos\\calendario-psicologo\\src\\scripts\\index.js": {"lines":{"total":31,"covered":0,"skipped":0,"pct":0},"functions":{"total":1,"covered":0,"skipped":0,"pct":0},"statements":{"total":31,"covered":0,"skipped":0,"pct":0},"branches":{"total":1,"covered":0,"skipped":0,"pct":0}}
,"C:\\Users\\camila\\Downloads\\GITHUB.005\\taller-proyectos\\calendario-psicologo\\src\\scripts\\mini-calendar.js": {"lines":{"total":97,"covered":0,"skipped":0,"pct":0},"functions":{"total":1,"covered":0,"skipped":0,"pct":0},"statements":{"total":97,"covered":0,"skipped":0,"pct":0},"branches":{"total":1,"covered":0,"skipped":0,"pct":0}}
,"C:\\Users\\camila\\Downloads\\GITHUB.005\\taller-proyectos\\calendario-psicologo\\src\\scripts\\mobile-sidebar.js": {"lines":{"total":13,"covered":0,"skipped":0,"pct":0},"functions":{"total":1,"covered":0,"skipped":0,"pct":0},"statements":{"total":13,"covered":0,"skipped":0,"pct":0},"branches":{"total":1,"covered":0,"skipped":0,"pct":0}}
,"C:\\Users\\camila\\Downloads\\GITHUB.005\\taller-proyectos\\calendario-psicologo\\src\\scripts\\month-calendar.js": {"lines":{"total":92,"covered":0,"skipped":0,"pct":0},"functions":{"total":1,"covered":0,"skipped":0,"pct":0},"statements":{"total":92,"covered":0,"skipped":0,"pct":0},"branches":{"total":1,"covered":0,"skipped":0,"pct":0}}
,"C:\\Users\\camila\\Downloads\\GITHUB.005\\taller-proyectos\\calendario-psicologo\\src\\scripts\\nav.js": {"lines":{"total":85,"covered":0,"skipped":0,"pct":0},"functions":{"total":1,"covered":0,"skipped":0,"pct":0},"statements":{"total":85,"covered":0,"skipped":0,"pct":0},"branches":{"total":1,"covered":0,"skipped":0,"pct":0}}
,"C:\\Users\\camila\\Downloads\\GITHUB.005\\taller-proyectos\\calendario-psicologo\\src\\scripts\\notifications.js": {"lines":{"total":17,"covered":0,"skipped":0,"pct":0},"functions":{"total":1,"covered":0,"skipped":0,"pct":0},"statements":{"total":17,"covered":0,"skipped":0,"pct":0},"branches":{"total":1,"covered":0,"skipped":0,"pct":0}}
,"C:\\Users\\camila\\Downloads\\GITHUB.005\\taller-proyectos\\calendario-psicologo\\src\\scripts\\responsive.js": {"lines":{"total":36,"covered":0,"skipped":0,"pct":0},"functions":{"total":1,"covered":0,"skipped":0,"pct":0},"statements":{"total":36,"covered":0,"skipped":0,"pct":0},"branches":{"total":1,"covered":0,"skipped":0,"pct":0}}
,"C:\\Users\\camila\\Downloads\\GITHUB.005\\taller-proyectos\\calendario-psicologo\\src\\scripts\\sync.js": {"lines":{"total":18,"covered":0,"skipped":0,"pct":0},"functions":{"total":1,"covered":0,"skipped":0,"pct":0},"statements":{"total":18,"covered":0,"skipped":0,"pct":0},"branches":{"total":1,"covered":0,"skipped":0,"pct":0}}
,"C:\\Users\\camila\\Downloads\\GITHUB.005\\taller-proyectos\\calendario-psicologo\\src\\scripts\\time-constants.js": {"lines":{"total":4,"covered":4,"skipped":0,"pct":100},"functions":{"total":0,"covered":0,"skipped":0,"pct":100},"statements":{"total":4,"covered":4,"skipped":0,"pct":100},"branches":{"total":1,"covered":1,"skipped":0,"pct":100}}
,"C:\\Users\\camila\\Downloads\\GITHUB.005\\taller-proyectos\\calendario-psicologo\\src\\scripts\\toaster.js": {"lines":{"total":56,"covered":0,"skipped":0,"pct":0},"functions":{"total":1,"covered":0,"skipped":0,"pct":0},"statements":{"total":56,"covered":0,"skipped":0,"pct":0},"branches":{"total":1,"covered":0,"skipped":0,"pct":0}}
,"C:\\Users\\camila\\Downloads\\GITHUB.005\\taller-proyectos\\calendario-psicologo\\src\\scripts\\url.js": {"lines":{"total":38,"covered":0,"skipped":0,"pct":0},"functions":{"total":1,"covered":0,"skipped":0,"pct":0},"statements":{"total":38,"covered":0,"skipped":0,"pct":0},"branches":{"total":1,"covered":0,"skipped":0,"pct":0}}
,"C:\\Users\\camila\\Downloads\\GITHUB.005\\taller-proyectos\\calendario-psicologo\\src\\scripts\\view-select.js": {"lines":{"total":19,"covered":0,"skipped":0,"pct":0},"functions":{"total":1,"covered":0,"skipped":0,"pct":0},"statements":{"total":19,"covered":0,"skipped":0,"pct":0},"branches":{"total":1,"covered":0,"skipped":0,"pct":0}}
,"C:\\Users\\camila\\Downloads\\GITHUB.005\\taller-proyectos\\calendario-psicologo\\src\\scripts\\week-calendar.js": {"lines":{"total":300,"covered":0,"skipped":0,"pct":0},"functions":{"total":1,"covered":0,"skipped":0,"pct":0},"statements":{"total":300,"covered":0,"skipped":0,"pct":0},"branches":{"total":1,"covered":0,"skipped":0,"pct":0}}
}
